<?xml version="1.0" encoding="UTF-8"?>
<testsuite xmlns:xsi="http://www.w3.org/2001/XMLSchema-instance" xsi:noNamespaceSchemaLocation="https://maven.apache.org/surefire/maven-surefire-plugin/xsd/surefire-test-report.xsd" name="com.xk.springcloud.AppTest" time="0.046" tests="1" errors="0" skipped="0" failures="0">
  <properties>
    <property name="gopherProxySet" value="false"/>
    <property name="awt.toolkit" value="sun.lwawt.macosx.LWCToolkit"/>
    <property name="file.encoding.pkg" value="sun.io"/>
    <property name="java.specification.version" value="1.8"/>
    <property name="sun.cpu.isalist" value=""/>
    <property name="sun.jnu.encoding" value="UTF-8"/>
    <property name="java.class.path" value="/Users/zhangxiaoke/xkWorkPlace/microservice/micorservice-common/target/test-classes:/Users/zhangxiaoke/xkWorkPlace/microservice/micorservice-common/target/classes:/Users/zhangxiaoke/.m2/repository/org/springframework/boot/spring-boot-starter-data-jpa/1.5.13.RELEASE/spring-boot-starter-data-jpa-1.5.13.RELEASE.jar:/Users/zhangxiaoke/.m2/repository/org/springframework/boot/spring-boot-starter/1.5.13.RELEASE/spring-boot-starter-1.5.13.RELEASE.jar:/Users/zhangxiaoke/.m2/repository/org/springframework/boot/spring-boot/1.5.13.RELEASE/spring-boot-1.5.13.RELEASE.jar:/Users/zhangxiaoke/.m2/repository/org/springframework/boot/spring-boot-autoconfigure/1.5.13.RELEASE/spring-boot-autoconfigure-1.5.13.RELEASE.jar:/Users/zhangxiaoke/.m2/repository/org/springframework/boot/spring-boot-starter-logging/1.5.13.RELEASE/spring-boot-starter-logging-1.5.13.RELEASE.jar:/Users/zhangxiaoke/.m2/repository/ch/qos/logback/logback-classic/1.1.11/logback-classic-1.1.11.jar:/Users/zhangxiaoke/.m2/repository/ch/qos/logback/logback-core/1.1.11/logback-core-1.1.11.jar:/Users/zhangxiaoke/.m2/repository/org/slf4j/jul-to-slf4j/1.7.25/jul-to-slf4j-1.7.25.jar:/Users/zhangxiaoke/.m2/repository/org/slf4j/log4j-over-slf4j/1.7.25/log4j-over-slf4j-1.7.25.jar:/Users/zhangxiaoke/.m2/repository/org/springframework/spring-core/4.3.17.RELEASE/spring-core-4.3.17.RELEASE.jar:/Users/zhangxiaoke/.m2/repository/org/yaml/snakeyaml/1.17/snakeyaml-1.17.jar:/Users/zhangxiaoke/.m2/repository/org/springframework/boot/spring-boot-starter-aop/1.5.13.RELEASE/spring-boot-starter-aop-1.5.13.RELEASE.jar:/Users/zhangxiaoke/.m2/repository/org/springframework/spring-aop/4.3.17.RELEASE/spring-aop-4.3.17.RELEASE.jar:/Users/zhangxiaoke/.m2/repository/org/aspectj/aspectjweaver/1.8.13/aspectjweaver-1.8.13.jar:/Users/zhangxiaoke/.m2/repository/org/springframework/boot/spring-boot-starter-jdbc/1.5.13.RELEASE/spring-boot-starter-jdbc-1.5.13.RELEASE.jar:/Users/zhangxiaoke/.m2/repository/org/apache/tomcat/tomcat-jdbc/8.5.31/tomcat-jdbc-8.5.31.jar:/Users/zhangxiaoke/.m2/repository/org/apache/tomcat/tomcat-juli/8.5.31/tomcat-juli-8.5.31.jar:/Users/zhangxiaoke/.m2/repository/org/springframework/spring-jdbc/4.3.17.RELEASE/spring-jdbc-4.3.17.RELEASE.jar:/Users/zhangxiaoke/.m2/repository/org/hibernate/hibernate-core/5.0.12.Final/hibernate-core-5.0.12.Final.jar:/Users/zhangxiaoke/.m2/repository/org/jboss/logging/jboss-logging/3.3.2.Final/jboss-logging-3.3.2.Final.jar:/Users/zhangxiaoke/.m2/repository/org/hibernate/javax/persistence/hibernate-jpa-2.1-api/1.0.0.Final/hibernate-jpa-2.1-api-1.0.0.Final.jar:/Users/zhangxiaoke/.m2/repository/org/javassist/javassist/3.21.0-GA/javassist-3.21.0-GA.jar:/Users/zhangxiaoke/.m2/repository/antlr/antlr/2.7.7/antlr-2.7.7.jar:/Users/zhangxiaoke/.m2/repository/org/jboss/jandex/2.0.0.Final/jandex-2.0.0.Final.jar:/Users/zhangxiaoke/.m2/repository/dom4j/dom4j/1.6.1/dom4j-1.6.1.jar:/Users/zhangxiaoke/.m2/repository/org/hibernate/common/hibernate-commons-annotations/5.0.1.Final/hibernate-commons-annotations-5.0.1.Final.jar:/Users/zhangxiaoke/.m2/repository/org/hibernate/hibernate-entitymanager/5.0.12.Final/hibernate-entitymanager-5.0.12.Final.jar:/Users/zhangxiaoke/.m2/repository/javax/transaction/javax.transaction-api/1.2/javax.transaction-api-1.2.jar:/Users/zhangxiaoke/.m2/repository/org/springframework/data/spring-data-jpa/1.11.12.RELEASE/spring-data-jpa-1.11.12.RELEASE.jar:/Users/zhangxiaoke/.m2/repository/org/springframework/data/spring-data-commons/1.13.12.RELEASE/spring-data-commons-1.13.12.RELEASE.jar:/Users/zhangxiaoke/.m2/repository/org/springframework/spring-orm/4.3.17.RELEASE/spring-orm-4.3.17.RELEASE.jar:/Users/zhangxiaoke/.m2/repository/org/springframework/spring-context/4.3.17.RELEASE/spring-context-4.3.17.RELEASE.jar:/Users/zhangxiaoke/.m2/repository/org/springframework/spring-expression/4.3.17.RELEASE/spring-expression-4.3.17.RELEASE.jar:/Users/zhangxiaoke/.m2/repository/org/springframework/spring-tx/4.3.17.RELEASE/spring-tx-4.3.17.RELEASE.jar:/Users/zhangxiaoke/.m2/repository/org/springframework/spring-beans/4.3.17.RELEASE/spring-beans-4.3.17.RELEASE.jar:/Users/zhangxiaoke/.m2/repository/org/slf4j/slf4j-api/1.7.25/slf4j-api-1.7.25.jar:/Users/zhangxiaoke/.m2/repository/org/slf4j/jcl-over-slf4j/1.7.25/jcl-over-slf4j-1.7.25.jar:/Users/zhangxiaoke/.m2/repository/org/springframework/spring-aspects/4.3.17.RELEASE/spring-aspects-4.3.17.RELEASE.jar:/Users/zhangxiaoke/.m2/repository/mysql/mysql-connector-java/5.1.46/mysql-connector-java-5.1.46.jar:/Users/zhangxiaoke/.m2/repository/org/projectlombok/lombok/1.16.6/lombok-1.16.6.jar:/Users/zhangxiaoke/.m2/repository/junit/junit/4.11/junit-4.11.jar:/Users/zhangxiaoke/.m2/repository/org/hamcrest/hamcrest-core/1.3/hamcrest-core-1.3.jar:/Users/zhangxiaoke/.m2/repository/org/springframework/cloud/spring-cloud-starter-feign/1.4.5.RELEASE/spring-cloud-starter-feign-1.4.5.RELEASE.jar:/Users/zhangxiaoke/.m2/repository/org/springframework/cloud/spring-cloud-starter-openfeign/1.4.5.RELEASE/spring-cloud-starter-openfeign-1.4.5.RELEASE.jar:/Users/zhangxiaoke/.m2/repository/org/springframework/cloud/spring-cloud-starter/1.3.4.RELEASE/spring-cloud-starter-1.3.4.RELEASE.jar:/Users/zhangxiaoke/.m2/repository/org/springframework/cloud/spring-cloud-context/1.3.4.RELEASE/spring-cloud-context-1.3.4.RELEASE.jar:/Users/zhangxiaoke/.m2/repository/org/springframework/security/spring-security-rsa/1.0.3.RELEASE/spring-security-rsa-1.0.3.RELEASE.jar:/Users/zhangxiaoke/.m2/repository/org/bouncycastle/bcpkix-jdk15on/1.55/bcpkix-jdk15on-1.55.jar:/Users/zhangxiaoke/.m2/repository/org/bouncycastle/bcprov-jdk15on/1.55/bcprov-jdk15on-1.55.jar:/Users/zhangxiaoke/.m2/repository/org/springframework/cloud/spring-cloud-netflix-core/1.4.5.RELEASE/spring-cloud-netflix-core-1.4.5.RELEASE.jar:/Users/zhangxiaoke/.m2/repository/org/springframework/spring-web/4.3.17.RELEASE/spring-web-4.3.17.RELEASE.jar:/Users/zhangxiaoke/.m2/repository/org/springframework/cloud/spring-cloud-commons/1.3.4.RELEASE/spring-cloud-commons-1.3.4.RELEASE.jar:/Users/zhangxiaoke/.m2/repository/org/springframework/security/spring-security-crypto/4.2.6.RELEASE/spring-security-crypto-4.2.6.RELEASE.jar:/Users/zhangxiaoke/.m2/repository/org/apache/httpcomponents/httpclient/4.5.5/httpclient-4.5.5.jar:/Users/zhangxiaoke/.m2/repository/org/apache/httpcomponents/httpcore/4.4.9/httpcore-4.4.9.jar:/Users/zhangxiaoke/.m2/repository/commons-codec/commons-codec/1.10/commons-codec-1.10.jar:/Users/zhangxiaoke/.m2/repository/io/github/openfeign/feign-core/9.5.0/feign-core-9.5.0.jar:/Users/zhangxiaoke/.m2/repository/org/jvnet/animal-sniffer-annotation/1.0/animal-sniffer-annotation-1.0.jar:/Users/zhangxiaoke/.m2/repository/io/github/openfeign/feign-slf4j/9.5.0/feign-slf4j-9.5.0.jar:/Users/zhangxiaoke/.m2/repository/io/github/openfeign/feign-hystrix/9.5.0/feign-hystrix-9.5.0.jar:/Users/zhangxiaoke/.m2/repository/com/netflix/archaius/archaius-core/0.7.4/archaius-core-0.7.4.jar:/Users/zhangxiaoke/.m2/repository/com/google/code/findbugs/jsr305/3.0.1/jsr305-3.0.1.jar:/Users/zhangxiaoke/.m2/repository/com/netflix/hystrix/hystrix-core/1.5.12/hystrix-core-1.5.12.jar:/Users/zhangxiaoke/.m2/repository/org/hdrhistogram/HdrHistogram/2.1.9/HdrHistogram-2.1.9.jar:/Users/zhangxiaoke/.m2/repository/org/springframework/cloud/spring-cloud-starter-netflix-ribbon/1.4.5.RELEASE/spring-cloud-starter-netflix-ribbon-1.4.5.RELEASE.jar:/Users/zhangxiaoke/.m2/repository/com/netflix/ribbon/ribbon/2.2.5/ribbon-2.2.5.jar:/Users/zhangxiaoke/.m2/repository/com/netflix/ribbon/ribbon-transport/2.2.5/ribbon-transport-2.2.5.jar:/Users/zhangxiaoke/.m2/repository/io/reactivex/rxnetty-contexts/0.4.9/rxnetty-contexts-0.4.9.jar:/Users/zhangxiaoke/.m2/repository/io/reactivex/rxnetty-servo/0.4.9/rxnetty-servo-0.4.9.jar:/Users/zhangxiaoke/.m2/repository/javax/inject/javax.inject/1/javax.inject-1.jar:/Users/zhangxiaoke/.m2/repository/io/reactivex/rxnetty/0.4.9/rxnetty-0.4.9.jar:/Users/zhangxiaoke/.m2/repository/io/netty/netty-codec-http/4.0.27.Final/netty-codec-http-4.0.27.Final.jar:/Users/zhangxiaoke/.m2/repository/io/netty/netty-codec/4.0.27.Final/netty-codec-4.0.27.Final.jar:/Users/zhangxiaoke/.m2/repository/io/netty/netty-handler/4.0.27.Final/netty-handler-4.0.27.Final.jar:/Users/zhangxiaoke/.m2/repository/io/netty/netty-transport-native-epoll/4.0.27.Final/netty-transport-native-epoll-4.0.27.Final.jar:/Users/zhangxiaoke/.m2/repository/io/netty/netty-common/4.0.27.Final/netty-common-4.0.27.Final.jar:/Users/zhangxiaoke/.m2/repository/io/netty/netty-buffer/4.0.27.Final/netty-buffer-4.0.27.Final.jar:/Users/zhangxiaoke/.m2/repository/io/netty/netty-transport/4.0.27.Final/netty-transport-4.0.27.Final.jar:/Users/zhangxiaoke/.m2/repository/com/netflix/ribbon/ribbon-core/2.2.5/ribbon-core-2.2.5.jar:/Users/zhangxiaoke/.m2/repository/commons-lang/commons-lang/2.6/commons-lang-2.6.jar:/Users/zhangxiaoke/.m2/repository/com/netflix/ribbon/ribbon-httpclient/2.2.5/ribbon-httpclient-2.2.5.jar:/Users/zhangxiaoke/.m2/repository/commons-collections/commons-collections/3.2.2/commons-collections-3.2.2.jar:/Users/zhangxiaoke/.m2/repository/com/sun/jersey/jersey-client/1.19.1/jersey-client-1.19.1.jar:/Users/zhangxiaoke/.m2/repository/com/sun/jersey/jersey-core/1.19.1/jersey-core-1.19.1.jar:/Users/zhangxiaoke/.m2/repository/javax/ws/rs/jsr311-api/1.1.1/jsr311-api-1.1.1.jar:/Users/zhangxiaoke/.m2/repository/com/sun/jersey/contribs/jersey-apache-client4/1.19.1/jersey-apache-client4-1.19.1.jar:/Users/zhangxiaoke/.m2/repository/com/netflix/servo/servo-core/0.10.1/servo-core-0.10.1.jar:/Users/zhangxiaoke/.m2/repository/com/netflix/servo/servo-internal/0.10.1/servo-internal-0.10.1.jar:/Users/zhangxiaoke/.m2/repository/com/netflix/netflix-commons/netflix-commons-util/0.1.1/netflix-commons-util-0.1.1.jar:/Users/zhangxiaoke/.m2/repository/com/netflix/ribbon/ribbon-loadbalancer/2.2.5/ribbon-loadbalancer-2.2.5.jar:/Users/zhangxiaoke/.m2/repository/com/netflix/netflix-commons/netflix-statistics/0.1.1/netflix-statistics-0.1.1.jar:/Users/zhangxiaoke/.m2/repository/io/reactivex/rxjava/1.2.0/rxjava-1.2.0.jar:/Users/zhangxiaoke/.m2/repository/org/springframework/cloud/spring-cloud-starter-netflix-archaius/1.4.5.RELEASE/spring-cloud-starter-netflix-archaius-1.4.5.RELEASE.jar:/Users/zhangxiaoke/.m2/repository/commons-configuration/commons-configuration/1.8/commons-configuration-1.8.jar:/Users/zhangxiaoke/.m2/repository/com/fasterxml/jackson/core/jackson-annotations/2.8.0/jackson-annotations-2.8.0.jar:/Users/zhangxiaoke/.m2/repository/com/fasterxml/jackson/core/jackson-core/2.8.11/jackson-core-2.8.11.jar:/Users/zhangxiaoke/.m2/repository/com/fasterxml/jackson/core/jackson-databind/2.8.11.1/jackson-databind-2.8.11.1.jar:/Users/zhangxiaoke/.m2/repository/com/google/guava/guava/18.0/guava-18.0.jar:"/>
    <property name="java.vm.vendor" value="Oracle Corporation"/>
    <property name="sun.arch.data.model" value="64"/>
    <property name="java.vendor.url" value="http://java.oracle.com/"/>
    <property name="user.timezone" value=""/>
    <property name="java.vm.specification.version" value="1.8"/>
    <property name="os.name" value="Mac OS X"/>
    <property name="user.country" value="CN"/>
    <property name="sun.java.launcher" value="SUN_STANDARD"/>
    <property name="sun.boot.library.path" value="/Library/Java/JavaVirtualMachines/jdk1.8.0_171.jdk/Contents/Home/jre/lib"/>
    <property name="sun.java.command" value="/Users/zhangxiaoke/xkWorkPlace/microservice/micorservice-common/target/surefire/surefirebooter5652578028920234390.jar /Users/zhangxiaoke/xkWorkPlace/microservice/micorservice-common/target/surefire 2019-07-30T17-27-47_496-jvmRun1 surefire5559589880210251536tmp surefire_02967936245066430338tmp"/>
    <property name="surefire.test.class.path" value="/Users/zhangxiaoke/xkWorkPlace/microservice/micorservice-common/target/test-classes:/Users/zhangxiaoke/xkWorkPlace/microservice/micorservice-common/target/classes:/Users/zhangxiaoke/.m2/repository/org/springframework/boot/spring-boot-starter-data-jpa/1.5.13.RELEASE/spring-boot-starter-data-jpa-1.5.13.RELEASE.jar:/Users/zhangxiaoke/.m2/repository/org/springframework/boot/spring-boot-starter/1.5.13.RELEASE/spring-boot-starter-1.5.13.RELEASE.jar:/Users/zhangxiaoke/.m2/repository/org/springframework/boot/spring-boot/1.5.13.RELEASE/spring-boot-1.5.13.RELEASE.jar:/Users/zhangxiaoke/.m2/repository/org/springframework/boot/spring-boot-autoconfigure/1.5.13.RELEASE/spring-boot-autoconfigure-1.5.13.RELEASE.jar:/Users/zhangxiaoke/.m2/repository/org/springframework/boot/spring-boot-starter-logging/1.5.13.RELEASE/spring-boot-starter-logging-1.5.13.RELEASE.jar:/Users/zhangxiaoke/.m2/repository/ch/qos/logback/logback-classic/1.1.11/logback-classic-1.1.11.jar:/Users/zhangxiaoke/.m2/repository/ch/qos/logback/logback-core/1.1.11/logback-core-1.1.11.jar:/Users/zhangxiaoke/.m2/repository/org/slf4j/jul-to-slf4j/1.7.25/jul-to-slf4j-1.7.25.jar:/Users/zhangxiaoke/.m2/repository/org/slf4j/log4j-over-slf4j/1.7.25/log4j-over-slf4j-1.7.25.jar:/Users/zhangxiaoke/.m2/repository/org/springframework/spring-core/4.3.17.RELEASE/spring-core-4.3.17.RELEASE.jar:/Users/zhangxiaoke/.m2/repository/org/yaml/snakeyaml/1.17/snakeyaml-1.17.jar:/Users/zhangxiaoke/.m2/repository/org/springframework/boot/spring-boot-starter-aop/1.5.13.RELEASE/spring-boot-starter-aop-1.5.13.RELEASE.jar:/Users/zhangxiaoke/.m2/repository/org/springframework/spring-aop/4.3.17.RELEASE/spring-aop-4.3.17.RELEASE.jar:/Users/zhangxiaoke/.m2/repository/org/aspectj/aspectjweaver/1.8.13/aspectjweaver-1.8.13.jar:/Users/zhangxiaoke/.m2/repository/org/springframework/boot/spring-boot-starter-jdbc/1.5.13.RELEASE/spring-boot-starter-jdbc-1.5.13.RELEASE.jar:/Users/zhangxiaoke/.m2/repository/org/apache/tomcat/tomcat-jdbc/8.5.31/tomcat-jdbc-8.5.31.jar:/Users/zhangxiaoke/.m2/repository/org/apache/tomcat/tomcat-juli/8.5.31/tomcat-juli-8.5.31.jar:/Users/zhangxiaoke/.m2/repository/org/springframework/spring-jdbc/4.3.17.RELEASE/spring-jdbc-4.3.17.RELEASE.jar:/Users/zhangxiaoke/.m2/repository/org/hibernate/hibernate-core/5.0.12.Final/hibernate-core-5.0.12.Final.jar:/Users/zhangxiaoke/.m2/repository/org/jboss/logging/jboss-logging/3.3.2.Final/jboss-logging-3.3.2.Final.jar:/Users/zhangxiaoke/.m2/repository/org/hibernate/javax/persistence/hibernate-jpa-2.1-api/1.0.0.Final/hibernate-jpa-2.1-api-1.0.0.Final.jar:/Users/zhangxiaoke/.m2/repository/org/javassist/javassist/3.21.0-GA/javassist-3.21.0-GA.jar:/Users/zhangxiaoke/.m2/repository/antlr/antlr/2.7.7/antlr-2.7.7.jar:/Users/zhangxiaoke/.m2/repository/org/jboss/jandex/2.0.0.Final/jandex-2.0.0.Final.jar:/Users/zhangxiaoke/.m2/repository/dom4j/dom4j/1.6.1/dom4j-1.6.1.jar:/Users/zhangxiaoke/.m2/repository/org/hibernate/common/hibernate-commons-annotations/5.0.1.Final/hibernate-commons-annotations-5.0.1.Final.jar:/Users/zhangxiaoke/.m2/repository/org/hibernate/hibernate-entitymanager/5.0.12.Final/hibernate-entitymanager-5.0.12.Final.jar:/Users/zhangxiaoke/.m2/repository/javax/transaction/javax.transaction-api/1.2/javax.transaction-api-1.2.jar:/Users/zhangxiaoke/.m2/repository/org/springframework/data/spring-data-jpa/1.11.12.RELEASE/spring-data-jpa-1.11.12.RELEASE.jar:/Users/zhangxiaoke/.m2/repository/org/springframework/data/spring-data-commons/1.13.12.RELEASE/spring-data-commons-1.13.12.RELEASE.jar:/Users/zhangxiaoke/.m2/repository/org/springframework/spring-orm/4.3.17.RELEASE/spring-orm-4.3.17.RELEASE.jar:/Users/zhangxiaoke/.m2/repository/org/springframework/spring-context/4.3.17.RELEASE/spring-context-4.3.17.RELEASE.jar:/Users/zhangxiaoke/.m2/repository/org/springframework/spring-expression/4.3.17.RELEASE/spring-expression-4.3.17.RELEASE.jar:/Users/zhangxiaoke/.m2/repository/org/springframework/spring-tx/4.3.17.RELEASE/spring-tx-4.3.17.RELEASE.jar:/Users/zhangxiaoke/.m2/repository/org/springframework/spring-beans/4.3.17.RELEASE/spring-beans-4.3.17.RELEASE.jar:/Users/zhangxiaoke/.m2/repository/org/slf4j/slf4j-api/1.7.25/slf4j-api-1.7.25.jar:/Users/zhangxiaoke/.m2/repository/org/slf4j/jcl-over-slf4j/1.7.25/jcl-over-slf4j-1.7.25.jar:/Users/zhangxiaoke/.m2/repository/org/springframework/spring-aspects/4.3.17.RELEASE/spring-aspects-4.3.17.RELEASE.jar:/Users/zhangxiaoke/.m2/repository/mysql/mysql-connector-java/5.1.46/mysql-connector-java-5.1.46.jar:/Users/zhangxiaoke/.m2/repository/org/projectlombok/lombok/1.16.6/lombok-1.16.6.jar:/Users/zhangxiaoke/.m2/repository/junit/junit/4.11/junit-4.11.jar:/Users/zhangxiaoke/.m2/repository/org/hamcrest/hamcrest-core/1.3/hamcrest-core-1.3.jar:/Users/zhangxiaoke/.m2/repository/org/springframework/cloud/spring-cloud-starter-feign/1.4.5.RELEASE/spring-cloud-starter-feign-1.4.5.RELEASE.jar:/Users/zhangxiaoke/.m2/repository/org/springframework/cloud/spring-cloud-starter-openfeign/1.4.5.RELEASE/spring-cloud-starter-openfeign-1.4.5.RELEASE.jar:/Users/zhangxiaoke/.m2/repository/org/springframework/cloud/spring-cloud-starter/1.3.4.RELEASE/spring-cloud-starter-1.3.4.RELEASE.jar:/Users/zhangxiaoke/.m2/repository/org/springframework/cloud/spring-cloud-context/1.3.4.RELEASE/spring-cloud-context-1.3.4.RELEASE.jar:/Users/zhangxiaoke/.m2/repository/org/springframework/security/spring-security-rsa/1.0.3.RELEASE/spring-security-rsa-1.0.3.RELEASE.jar:/Users/zhangxiaoke/.m2/repository/org/bouncycastle/bcpkix-jdk15on/1.55/bcpkix-jdk15on-1.55.jar:/Users/zhangxiaoke/.m2/repository/org/bouncycastle/bcprov-jdk15on/1.55/bcprov-jdk15on-1.55.jar:/Users/zhangxiaoke/.m2/repository/org/springframework/cloud/spring-cloud-netflix-core/1.4.5.RELEASE/spring-cloud-netflix-core-1.4.5.RELEASE.jar:/Users/zhangxiaoke/.m2/repository/org/springframework/spring-web/4.3.17.RELEASE/spring-web-4.3.17.RELEASE.jar:/Users/zhangxiaoke/.m2/repository/org/springframework/cloud/spring-cloud-commons/1.3.4.RELEASE/spring-cloud-commons-1.3.4.RELEASE.jar:/Users/zhangxiaoke/.m2/repository/org/springframework/security/spring-security-crypto/4.2.6.RELEASE/spring-security-crypto-4.2.6.RELEASE.jar:/Users/zhangxiaoke/.m2/repository/org/apache/httpcomponents/httpclient/4.5.5/httpclient-4.5.5.jar:/Users/zhangxiaoke/.m2/repository/org/apache/httpcomponents/httpcore/4.4.9/httpcore-4.4.9.jar:/Users/zhangxiaoke/.m2/repository/commons-codec/commons-codec/1.10/commons-codec-1.10.jar:/Users/zhangxiaoke/.m2/repository/io/github/openfeign/feign-core/9.5.0/feign-core-9.5.0.jar:/Users/zhangxiaoke/.m2/repository/org/jvnet/animal-sniffer-annotation/1.0/animal-sniffer-annotation-1.0.jar:/Users/zhangxiaoke/.m2/repository/io/github/openfeign/feign-slf4j/9.5.0/feign-slf4j-9.5.0.jar:/Users/zhangxiaoke/.m2/repository/io/github/openfeign/feign-hystrix/9.5.0/feign-hystrix-9.5.0.jar:/Users/zhangxiaoke/.m2/repository/com/netflix/archaius/archaius-core/0.7.4/archaius-core-0.7.4.jar:/Users/zhangxiaoke/.m2/repository/com/google/code/findbugs/jsr305/3.0.1/jsr305-3.0.1.jar:/Users/zhangxiaoke/.m2/repository/com/netflix/hystrix/hystrix-core/1.5.12/hystrix-core-1.5.12.jar:/Users/zhangxiaoke/.m2/repository/org/hdrhistogram/HdrHistogram/2.1.9/HdrHistogram-2.1.9.jar:/Users/zhangxiaoke/.m2/repository/org/springframework/cloud/spring-cloud-starter-netflix-ribbon/1.4.5.RELEASE/spring-cloud-starter-netflix-ribbon-1.4.5.RELEASE.jar:/Users/zhangxiaoke/.m2/repository/com/netflix/ribbon/ribbon/2.2.5/ribbon-2.2.5.jar:/Users/zhangxiaoke/.m2/repository/com/netflix/ribbon/ribbon-transport/2.2.5/ribbon-transport-2.2.5.jar:/Users/zhangxiaoke/.m2/repository/io/reactivex/rxnetty-contexts/0.4.9/rxnetty-contexts-0.4.9.jar:/Users/zhangxiaoke/.m2/repository/io/reactivex/rxnetty-servo/0.4.9/rxnetty-servo-0.4.9.jar:/Users/zhangxiaoke/.m2/repository/javax/inject/javax.inject/1/javax.inject-1.jar:/Users/zhangxiaoke/.m2/repository/io/reactivex/rxnetty/0.4.9/rxnetty-0.4.9.jar:/Users/zhangxiaoke/.m2/repository/io/netty/netty-codec-http/4.0.27.Final/netty-codec-http-4.0.27.Final.jar:/Users/zhangxiaoke/.m2/repository/io/netty/netty-codec/4.0.27.Final/netty-codec-4.0.27.Final.jar:/Users/zhangxiaoke/.m2/repository/io/netty/netty-handler/4.0.27.Final/netty-handler-4.0.27.Final.jar:/Users/zhangxiaoke/.m2/repository/io/netty/netty-transport-native-epoll/4.0.27.Final/netty-transport-native-epoll-4.0.27.Final.jar:/Users/zhangxiaoke/.m2/repository/io/netty/netty-common/4.0.27.Final/netty-common-4.0.27.Final.jar:/Users/zhangxiaoke/.m2/repository/io/netty/netty-buffer/4.0.27.Final/netty-buffer-4.0.27.Final.jar:/Users/zhangxiaoke/.m2/repository/io/netty/netty-transport/4.0.27.Final/netty-transport-4.0.27.Final.jar:/Users/zhangxiaoke/.m2/repository/com/netflix/ribbon/ribbon-core/2.2.5/ribbon-core-2.2.5.jar:/Users/zhangxiaoke/.m2/repository/commons-lang/commons-lang/2.6/commons-lang-2.6.jar:/Users/zhangxiaoke/.m2/repository/com/netflix/ribbon/ribbon-httpclient/2.2.5/ribbon-httpclient-2.2.5.jar:/Users/zhangxiaoke/.m2/repository/commons-collections/commons-collections/3.2.2/commons-collections-3.2.2.jar:/Users/zhangxiaoke/.m2/repository/com/sun/jersey/jersey-client/1.19.1/jersey-client-1.19.1.jar:/Users/zhangxiaoke/.m2/repository/com/sun/jersey/jersey-core/1.19.1/jersey-core-1.19.1.jar:/Users/zhangxiaoke/.m2/repository/javax/ws/rs/jsr311-api/1.1.1/jsr311-api-1.1.1.jar:/Users/zhangxiaoke/.m2/repository/com/sun/jersey/contribs/jersey-apache-client4/1.19.1/jersey-apache-client4-1.19.1.jar:/Users/zhangxiaoke/.m2/repository/com/netflix/servo/servo-core/0.10.1/servo-core-0.10.1.jar:/Users/zhangxiaoke/.m2/repository/com/netflix/servo/servo-internal/0.10.1/servo-internal-0.10.1.jar:/Users/zhangxiaoke/.m2/repository/com/netflix/netflix-commons/netflix-commons-util/0.1.1/netflix-commons-util-0.1.1.jar:/Users/zhangxiaoke/.m2/repository/com/netflix/ribbon/ribbon-loadbalancer/2.2.5/ribbon-loadbalancer-2.2.5.jar:/Users/zhangxiaoke/.m2/repository/com/netflix/netflix-commons/netflix-statistics/0.1.1/netflix-statistics-0.1.1.jar:/Users/zhangxiaoke/.m2/repository/io/reactivex/rxjava/1.2.0/rxjava-1.2.0.jar:/Users/zhangxiaoke/.m2/repository/org/springframework/cloud/spring-cloud-starter-netflix-archaius/1.4.5.RELEASE/spring-cloud-starter-netflix-archaius-1.4.5.RELEASE.jar:/Users/zhangxiaoke/.m2/repository/commons-configuration/commons-configuration/1.8/commons-configuration-1.8.jar:/Users/zhangxiaoke/.m2/repository/com/fasterxml/jackson/core/jackson-annotations/2.8.0/jackson-annotations-2.8.0.jar:/Users/zhangxiaoke/.m2/repository/com/fasterxml/jackson/core/jackson-core/2.8.11/jackson-core-2.8.11.jar:/Users/zhangxiaoke/.m2/repository/com/fasterxml/jackson/core/jackson-databind/2.8.11.1/jackson-databind-2.8.11.1.jar:/Users/zhangxiaoke/.m2/repository/com/google/guava/guava/18.0/guava-18.0.jar:"/>
    <property name="sun.cpu.endian" value="little"/>
    <property name="user.home" value="/Users/zhangxiaoke"/>
    <property name="user.language" value="zh"/>
    <property name="java.specification.vendor" value="Oracle Corporation"/>
    <property name="java.home" value="/Library/Java/JavaVirtualMachines/jdk1.8.0_171.jdk/Contents/Home/jre"/>
    <property name="basedir" value="/Users/zhangxiaoke/xkWorkPlace/microservice/micorservice-common"/>
    <property name="file.separator" value="/"/>
    <property name="line.separator" value="&#10;"/>
    <property name="java.vm.specification.vendor" value="Oracle Corporation"/>
    <property name="java.specification.name" value="Java Platform API Specification"/>
    <property name="java.awt.graphicsenv" value="sun.awt.CGraphicsEnvironment"/>
    <property name="surefire.real.class.path" value="/Users/zhangxiaoke/xkWorkPlace/microservice/micorservice-common/target/surefire/surefirebooter5652578028920234390.jar"/>
    <property name="sun.boot.class.path" value="/Library/Java/JavaVirtualMachines/jdk1.8.0_171.jdk/Contents/Home/jre/lib/resources.jar:/Library/Java/JavaVirtualMachines/jdk1.8.0_171.jdk/Contents/Home/jre/lib/rt.jar:/Library/Java/JavaVirtualMachines/jdk1.8.0_171.jdk/Contents/Home/jre/lib/sunrsasign.jar:/Library/Java/JavaVirtualMachines/jdk1.8.0_171.jdk/Contents/Home/jre/lib/jsse.jar:/Library/Java/JavaVirtualMachines/jdk1.8.0_171.jdk/Contents/Home/jre/lib/jce.jar:/Library/Java/JavaVirtualMachines/jdk1.8.0_171.jdk/Contents/Home/jre/lib/charsets.jar:/Library/Java/JavaVirtualMachines/jdk1.8.0_171.jdk/Contents/Home/jre/lib/jfr.jar:/Library/Java/JavaVirtualMachines/jdk1.8.0_171.jdk/Contents/Home/jre/classes"/>
    <property name="sun.management.compiler" value="HotSpot 64-Bit Tiered Compilers"/>
    <property name="java.runtime.version" value="1.8.0_171-b11"/>
    <property name="user.name" value="zhangxiaoke"/>
    <property name="path.separator" value=":"/>
    <property name="os.version" value="10.14.5"/>
    <property name="java.endorsed.dirs" value="/Library/Java/JavaVirtualMachines/jdk1.8.0_171.jdk/Contents/Home/jre/lib/endorsed"/>
    <property name="java.runtime.name" value="Java(TM) SE Runtime Environment"/>
    <property name="file.encoding" value="US-ASCII"/>
    <property name="java.vm.name" value="Java HotSpot(TM) 64-Bit Server VM"/>
    <property name="localRepository" value="/Users/zhangxiaoke/.m2/repository"/>
    <property name="java.vendor.url.bug" value="http://bugreport.sun.com/bugreport/"/>
    <property name="java.io.tmpdir" value="/var/folders/y6/xft_06593957s36hnfnn39l00000gn/T/"/>
    <property name="idea.version" value="2018.1.5"/>
    <property name="java.version" value="1.8.0_171"/>
    <property name="user.dir" value="/Users/zhangxiaoke/xkWorkPlace/microservice/micorservice-common"/>
    <property name="os.arch" value="x86_64"/>
    <property name="java.vm.specification.name" value="Java Virtual Machine Specification"/>
    <property name="java.awt.printerjob" value="sun.lwawt.macosx.CPrinterJob"/>
    <property name="sun.os.patch.level" value="unknown"/>
    <property name="java.library.path" value="/Users/zhangxiaoke/Library/Java/Extensions:/Library/Java/Extensions:/Network/Library/Java/Extensions:/System/Library/Java/Extensions:/usr/lib/java:."/>
    <property name="java.vm.info" value="mixed mode"/>
    <property name="java.vendor" value="Oracle Corporation"/>
    <property name="java.vm.version" value="25.171-b11"/>
    <property name="java.ext.dirs" value="/Users/zhangxiaoke/Library/Java/Extensions:/Library/Java/JavaVirtualMachines/jdk1.8.0_171.jdk/Contents/Home/jre/lib/ext:/Library/Java/Extensions:/Network/Library/Java/Extensions:/System/Library/Java/Extensions:/usr/lib/java"/>
    <property name="sun.io.unicode.encoding" value="UnicodeBig"/>
    <property name="maven.repo.local" value="/Users/zhangxiaoke/.m2/repository"/>
    <property name="java.class.version" value="52.0"/>
  </properties>
  <testcase name="shouldAnswerWithTrue" classname="com.xk.springcloud.AppTest" time="0.001"/>
</testsuite>